[Thu Oct 30 21:19:42 2025
] Car added 101
[Thu Oct 30 21:20:14 2025
] Car added 102
[Thu Oct 30 21:20:43 2025
] Booking created 1001
[Thu Oct 30 21:21:59 2025
] Booking 1001 -> OutForDelivery
[Thu Oct 30 21:22:09 2025
] Delivered booking 1001
[Fri Oct 31 23:06:02 2025
] Car added 103
[Fri Oct 31 23:06:24 2025
] Car added 104
[Fri Oct 31 23:06:54 2025
] Car added 105
[Fri Oct 31 23:07:48 2025
] Car added 106
[Fri Oct 31 23:08:21 2025
] Car added 107
[Sat Nov 01 14:21:42 2025
] Car added 101
[Sat Nov 01 14:22:06 2025
] Car added 102
[Sat Nov 01 14:22:29 2025
] Car added 103
[Sat Nov 01 14:22:58 2025
] Car added 104
[Sat Nov 01 14:23:50 2025
] Car added 105
[Sat Nov 01 14:25:40 2025
] Car added 106
[Sat Nov 01 14:49:11 2025
] Car added 107
[Sat Nov 01 15:06:21 2025
] Booking created 1001
[Sat Nov 01 19:14:06 2025
] Booking created ID 1002
[Sun Nov 02 09:47:36 2025
] Booking created ID 1003
[Sun Nov 02 09:51:27 2025
] Booking created ID 1004
[Sun Nov 02 09:54:03 2025
] Booking created ID 1005
[Sun Nov 02 19:03:37 2025
] Booking created 1006
[Sun Nov 02 20:35:36 2025
] Delivered booking ID 1001
[Sun Nov 02 20:35:40 2025
] Delivered booking ID 1002
[Sun Nov 02 20:35:41 2025
] Delivered booking ID 1003
[Sun Nov 02 20:36:04 2025
] Delivered booking ID 1004
[Sun Nov 02 20:40:31 2025
] Admin updated car ID 125 status: Available -> Booked
